<?xml version="1.0" encoding="UTF-8"?>
<testsuite xmlns:xsi="http://www.w3.org/2001/XMLSchema-instance" xsi:noNamespaceSchemaLocation="https://maven.apache.org/surefire/maven-surefire-plugin/xsd/surefire-test-report-3.0.xsd" version="3.0" name="local.auction.FinalSeleniumTest" time="16.099" tests="4" errors="0" skipped="0" failures="1">
  <properties>
[...]
</properties>
  <testcase name="notificationReadRegression" classname="local.auction.FinalSeleniumTest" time="3.56">
    <system-err><![CDATA[Jun 18, 2026 9:50:36 PM org.openqa.selenium.devtools.CdpVersionFinder findNearestMatch
WARNING: Unable to find CDP implementation matching 149
Jun 18, 2026 9:50:36 PM org.openqa.selenium.chromium.ChromiumDriver lambda$new$5
WARNING: Unable to find version of CDP to use for 149.0.7827.55. You may need to include a dependency on a specific version of the CDP using something similar to `org.seleniumhq.selenium:selenium-devtools-v86:4.21.0` where the version ("v86") matches the version of the chromium-based browser you're using and the version number of the artifact is the same as Selenium's.
]]></system-err>
  </testcase>
  <testcase name="sellerPublishAdminApproveAndCreateAuctionFlow" classname="local.auction.FinalSeleniumTest" time="7.305">
    <failure message="管理端拍卖详情应包含 Selenium 创建的拍卖，auctionId=1, response={&quot;code&quot;:0,&quot;data&quot;:{&quot;auction&quot;:{&quot;antiSnipingWindowSeconds&quot;:300,&quot;auctionId&quot;:1,&quot;bidStep&quot;:20.0,&quot;createdAt&quot;:&quot;2026-06-1821:50:46.530&quot;,&quot;currentPrice&quot;:320.0,&quot;endTime&quot;:&quot;2026-06-1921:50:00.000&quot;,&quot;extendSeconds&quot;:180,&quot;highestBidderId&quot;:null,&quot;itemId&quot;:1,&quot;sellerId&quot;:3,&quot;startPrice&quot;:320.0,&quot;startTime&quot;:&quot;2026-06-1821:51:00.000&quot;,&quot;status&quot;:&quot;PENDING_START&quot;,&quot;updatedAt&quot;:&quot;2026-06-1821:50:46.530&quot;,&quot;version&quot;:0},&quot;highestBidderUsername&quot;:&quot;&quot;,&quot;item&quot;:{&quot;coverImageUrl&quot;:&quot;http://127.0.0.1:3100/demo-auction.svg&quot;,&quot;itemId&quot;:1,&quot;itemStatus&quot;:&quot;REA... ==&gt; expected: &lt;true&gt; but was: &lt;false&gt;" type="org.opentest4j.AssertionFailedError"><![CDATA[org.opentest4j.AssertionFailedError: 管理端拍卖详情应包含 Selenium 创建的拍卖，auctionId=1, response={"code":0,"data":{"auction":{"antiSnipingWindowSeconds":300,"auctionId":1,"bidStep":20.0,"createdAt":"2026-06-1821:50:46.530","currentPrice":320.0,"endTime":"2026-06-1921:50:00.000","extendSeconds":180,"highestBidderId":null,"itemId":1,"sellerId":3,"startPrice":320.0,"startTime":"2026-06-1821:51:00.000","status":"PENDING_START","updatedAt":"2026-06-1821:50:46.530","version":0},"highestBidderUsername":"","item":{"coverImageUrl":"http://127.0.0.1:3100/demo-auction.svg","itemId":1,"itemStatus":"REA... ==> expected: <true> but was: <false>
	at org.junit.jupiter.api.AssertionFailureBuilder.build(AssertionFailureBuilder.java:151)
	at org.junit.jupiter.api.AssertionFailureBuilder.buildAndThrow(AssertionFailureBuilder.java:132)
	at org.junit.jupiter.api.AssertTrue.failNotTrue(AssertTrue.java:63)
	at org.junit.jupiter.api.AssertTrue.assertTrue(AssertTrue.java:36)
	at org.junit.jupiter.api.Assertions.assertTrue(Assertions.java:214)
	at local.auction.FinalSeleniumTest.sellerPublishAdminApproveAndCreateAuctionFlow(FinalSeleniumTest.java:230)
	at java.base/java.lang.reflect.Method.invoke(Method.java:580)
	at java.base/java.util.ArrayList.forEach(ArrayList.java:1596)
	at java.base/java.util.ArrayList.forEach(ArrayList.java:1596)
]]></failure>
    <system-err><![CDATA[Jun 18, 2026 9:50:40 PM org.openqa.selenium.devtools.CdpVersionFinder findNearestMatch
WARNING: Unable to find CDP implementation matching 149
Jun 18, 2026 9:50:40 PM org.openqa.selenium.chromium.ChromiumDriver lambda$new$5
WARNING: Unable to find version of CDP to use for 149.0.7827.55. You may need to include a dependency on a specific version of the CDP using something similar to `org.seleniumhq.selenium:selenium-devtools-v86:4.21.0` where the version ("v86") matches the version of the chromium-based browser you're using and the version number of the artifact is the same as Selenium's.
]]></system-err>
  </testcase>
  <testcase name="authenticationSessionAndRbacProtection" classname="local.auction.FinalSeleniumTest" time="2.811">
    <system-err><![CDATA[Jun 18, 2026 9:50:47 PM org.openqa.selenium.devtools.CdpVersionFinder findNearestMatch
WARNING: Unable to find CDP implementation matching 149
Jun 18, 2026 9:50:47 PM org.openqa.selenium.chromium.ChromiumDriver lambda$new$5
WARNING: Unable to find version of CDP to use for 149.0.7827.55. You may need to include a dependency on a specific version of the CDP using something similar to `org.seleniumhq.selenium:selenium-devtools-v86:4.21.0` where the version ("v86") matches the version of the chromium-based browser you're using and the version number of the artifact is the same as Selenium's.
]]></system-err>
  </testcase>
  <testcase name="adminStatisticsDashboardRegression" classname="local.auction.FinalSeleniumTest" time="2.196">
    <system-err><![CDATA[Jun 18, 2026 9:50:50 PM org.openqa.selenium.devtools.CdpVersionFinder findNearestMatch
WARNING: Unable to find CDP implementation matching 149
Jun 18, 2026 9:50:50 PM org.openqa.selenium.chromium.ChromiumDriver lambda$new$5
WARNING: Unable to find version of CDP to use for 149.0.7827.55. You may need to include a dependency on a specific version of the CDP using something similar to `org.seleniumhq.selenium:selenium-devtools-v86:4.21.0` where the version ("v86") matches the version of the chromium-based browser you're using and the version number of the artifact is the same as Selenium's.
]]></system-err>
  </testcase>
</testsuite>